                                 Started job on |	Oct 25 22:22:39
                             Started mapping on |	Oct 25 22:22:39
                                    Finished on |	Oct 25 22:22:43
       Mapping speed, Million of reads per hour |	30.63

                          Number of input reads |	34038
                      Average input read length |	72
                                    UNIQUE READS:
                   Uniquely mapped reads number |	32262
                        Uniquely mapped reads % |	94.78%
                          Average mapped length |	69.26
                       Number of splices: Total |	13982
            Number of splices: Annotated (sjdb) |	13470
                       Number of splices: GT/AG |	13838
                       Number of splices: GC/AG |	76
                       Number of splices: AT/AC |	0
               Number of splices: Non-canonical |	68
                      Mismatch rate per base, % |	0.94%
                         Deletion rate per base |	0.01%
                        Deletion average length |	1.36
                        Insertion rate per base |	0.01%
                       Insertion average length |	1.01
                             MULTI-MAPPING READS:
        Number of reads mapped to multiple loci |	1686
             % of reads mapped to multiple loci |	4.95%
        Number of reads mapped to too many loci |	32
             % of reads mapped to too many loci |	0.09%
                                  UNMAPPED READS:
  Number of reads unmapped: too many mismatches |	0
       % of reads unmapped: too many mismatches |	0.00%
            Number of reads unmapped: too short |	56
                 % of reads unmapped: too short |	0.16%
                Number of reads unmapped: other |	2
                     % of reads unmapped: other |	0.01%
                                  CHIMERIC READS:
                       Number of chimeric reads |	0
                            % of chimeric reads |	0.00%
