STAR version=2.7.11b
STAR compilation time,server,dir=2024-07-03T14:39:20+0000 :/opt/conda/conda-bld/star_1720017372352/work/source
##### Command Line:
/home/ec2-user/anaconda3/envs/python3/bin/STAR-avx2 --runThreadN 4 --genomeDir Tutorial_macs_1/ref_genome --readFilesIn Tutorial_macs_1/trimmed/subset_SRR7763565_R1_val_1.fq Tutorial_macs_1/trimmed/subset_SRR7763565_R2_val_2.fq --outFileNamePrefix Tutorial_macs_1/STAR/subset_SRR7763565 --outSAMtype BAM SortedByCoordinate --quantMode TranscriptomeSAM GeneCounts
##### Initial USER parameters from Command Line:
outFileNamePrefix                 Tutorial_macs_1/STAR/subset_SRR7763565
###### All USER parameters from Command Line:
runThreadN                    4     ~RE-DEFINED
genomeDir                     Tutorial_macs_1/ref_genome     ~RE-DEFINED
readFilesIn                   Tutorial_macs_1/trimmed/subset_SRR7763565_R1_val_1.fq   Tutorial_macs_1/trimmed/subset_SRR7763565_R2_val_2.fq        ~RE-DEFINED
outFileNamePrefix             Tutorial_macs_1/STAR/subset_SRR7763565     ~RE-DEFINED
outSAMtype                    BAM   SortedByCoordinate        ~RE-DEFINED
quantMode                     TranscriptomeSAM   GeneCounts        ~RE-DEFINED
##### Finished reading parameters from all sources

##### Final user re-defined parameters-----------------:
runThreadN                        4
genomeDir                         Tutorial_macs_1/ref_genome
readFilesIn                       Tutorial_macs_1/trimmed/subset_SRR7763565_R1_val_1.fq   Tutorial_macs_1/trimmed/subset_SRR7763565_R2_val_2.fq   
outFileNamePrefix                 Tutorial_macs_1/STAR/subset_SRR7763565
outSAMtype                        BAM   SortedByCoordinate   
quantMode                         TranscriptomeSAM   GeneCounts   

-------------------------------
##### Final effective command line:
/home/ec2-user/anaconda3/envs/python3/bin/STAR-avx2   --runThreadN 4   --genomeDir Tutorial_macs_1/ref_genome   --readFilesIn Tutorial_macs_1/trimmed/subset_SRR7763565_R1_val_1.fq   Tutorial_macs_1/trimmed/subset_SRR7763565_R2_val_2.fq      --outFileNamePrefix Tutorial_macs_1/STAR/subset_SRR7763565   --outSAMtype BAM   SortedByCoordinate      --quantMode TranscriptomeSAM   GeneCounts   
----------------------------------------

Number of fastq files for each mate = 1
ParametersSolo: --soloCellFilterType CellRanger2.2 filtering parameters:  3000 0.99 10
WARNING: --limitBAMsortRAM=0, will use genome size as RAM limit for BAM sorting
Finished loading and checking parameters
Reading genome generation parameters:
### /home/ec2-user/anaconda3/envs/python3/bin/STAR-avx2   --runMode genomeGenerate      --runThreadN 4   --genomeDir Tutorial_macs_1/ref_genome   --genomeFastaFiles Tutorial_macs_1/chr11_1.5M.fasta      --genomeSAindexNbases 9   --sjdbGTFfile Tutorial_macs_1/gencode.v46.pri.chr11.1.5M.gtf
### GstrandBit=32
versionGenome                 2.7.4a     ~RE-DEFINED
genomeType                    Full     ~RE-DEFINED
genomeFastaFiles              Tutorial_macs_1/chr11_1.5M.fasta        ~RE-DEFINED
genomeSAindexNbases           9     ~RE-DEFINED
genomeChrBinNbits             18     ~RE-DEFINED
genomeSAsparseD               1     ~RE-DEFINED
genomeTransformType           None     ~RE-DEFINED
genomeTransformVCF            -     ~RE-DEFINED
sjdbOverhang                  100     ~RE-DEFINED
sjdbFileChrStartEnd           -        ~RE-DEFINED
sjdbGTFfile                   Tutorial_macs_1/gencode.v46.pri.chr11.1.5M.gtf     ~RE-DEFINED
sjdbGTFchrPrefix              -     ~RE-DEFINED
sjdbGTFfeatureExon            exon     ~RE-DEFINED
sjdbGTFtagExonParentTranscripttranscript_id     ~RE-DEFINED
sjdbGTFtagExonParentGene      gene_id     ~RE-DEFINED
sjdbInsertSave                Basic     ~RE-DEFINED
genomeFileSizes               1789743   13660353        ~RE-DEFINED
Genome version is compatible with current STAR
Number of real (reference) chromosomes= 1
1	chr11	1500000	0
--sjdbOverhang = 100 taken from the generated genome
Started loading the genome: Fri Oct 25 22:22:50 2024

Genome: size given as a parameter = 1789743
SA: size given as a parameter = 13660353
SAindex: size given as a parameter = 1
Read from SAindex: pGe.gSAindexNbases=9  nSAi=349524
nGenome=1789743;  nSAbyte=13660353
GstrandBit=32   SA number of indices=3311600
Shared memory is not used for genomes. Allocated a private copy of the genome.
Genome file size: 1789743 bytes; state: good=1 eof=0 fail=0 bad=0
Loading Genome ... done! state: good=1 eof=0 fail=0 bad=0; loaded 1789743 bytes
SA file size: 13660353 bytes; state: good=1 eof=0 fail=0 bad=0
Loading SA ... done! state: good=1 eof=0 fail=0 bad=0; loaded 13660353 bytes
Loading SAindex ... done: 1529259 bytes
Finished loading the genome: Fri Oct 25 22:22:50 2024

Processing splice junctions database sjdbN=1079,   pGe.sjdbOverhang=100 
alignIntronMax=alignMatesGapMax=0, the max intron size will be approximately determined by (2^winBinNbits)*winAnchorDistNbins=589824
Loaded transcript database, nTr=681
Loaded exon database, nEx=4157
Created thread # 1
Created thread # 2
Created thread # 3
Thread #1 end of input stream, nextChar=-1
Completed: thread #2
Completed: thread #0
Completed: thread #3
BAM sorting: 65058 mapped reads
BAM sorting bins genomic start loci:
1	0	133720
2	0	175563
3	0	207367
4	0	214922
5	0	249315
6	0	295052
7	0	309125
8	0	314064
9	0	314938
10	0	319308
11	0	319932
12	0	320849
13	0	376323
14	0	406879
15	0	450409
16	0	494753
17	0	500693
18	0	523808
19	0	557046
20	0	567533
21	0	589342
22	0	601657
23	0	608610
24	0	613086
25	0	626562
26	0	645602
27	0	673559
28	0	706199
29	0	725143
30	0	764332
31	0	784194
32	0	809967
33	0	810232
34	0	810318
35	0	810344
36	0	811603
37	0	811638
38	0	812611
39	0	812620
40	0	812629
41	0	824965
42	0	837345
43	0	843706
44	0	864391
45	0	887625
46	0	938406
47	0	961225
48	0	977154
Completed: thread #1
Joined thread # 1
Joined thread # 2
Joined thread # 3
Oct 25 22:22:53 ..... finished mapping
RAM after mapping:
VmPeak:	 1132188 kB; VmSize:	 1066740 kB; VmHWM:	  538532 kB; VmRSS:	  529880 kB; 
RAM after freeing genome index memory:
VmPeak:	 1132188 kB; VmSize:	 1050148 kB; VmHWM:	  538532 kB; VmRSS:	  513288 kB; 
Oct 25 22:22:53 ..... started sorting BAM
Max memory needed for sorting = 262411
ALL DONE!
