                                 Started job on |	Oct 25 22:23:49
                             Started mapping on |	Oct 25 22:23:49
                                    Finished on |	Oct 25 22:23:52
       Mapping speed, Million of reads per hour |	34.17

                          Number of input reads |	28473
                      Average input read length |	72
                                    UNIQUE READS:
                   Uniquely mapped reads number |	26362
                        Uniquely mapped reads % |	92.59%
                          Average mapped length |	69.13
                       Number of splices: Total |	4915
            Number of splices: Annotated (sjdb) |	4546
                       Number of splices: GT/AG |	4823
                       Number of splices: GC/AG |	61
                       Number of splices: AT/AC |	0
               Number of splices: Non-canonical |	31
                      Mismatch rate per base, % |	0.98%
                         Deletion rate per base |	0.02%
                        Deletion average length |	1.72
                        Insertion rate per base |	0.00%
                       Insertion average length |	1.04
                             MULTI-MAPPING READS:
        Number of reads mapped to multiple loci |	1980
             % of reads mapped to multiple loci |	6.95%
        Number of reads mapped to too many loci |	25
             % of reads mapped to too many loci |	0.09%
                                  UNMAPPED READS:
  Number of reads unmapped: too many mismatches |	0
       % of reads unmapped: too many mismatches |	0.00%
            Number of reads unmapped: too short |	87
                 % of reads unmapped: too short |	0.31%
                Number of reads unmapped: other |	19
                     % of reads unmapped: other |	0.07%
                                  CHIMERIC READS:
                       Number of chimeric reads |	0
                            % of chimeric reads |	0.00%
