                                 Started job on |	Oct 25 22:23:02
                             Started mapping on |	Oct 25 22:23:02
                                    Finished on |	Oct 25 22:23:04
       Mapping speed, Million of reads per hour |	30.20

                          Number of input reads |	16777
                      Average input read length |	72
                                    UNIQUE READS:
                   Uniquely mapped reads number |	15604
                        Uniquely mapped reads % |	93.01%
                          Average mapped length |	69.09
                       Number of splices: Total |	6196
            Number of splices: Annotated (sjdb) |	5928
                       Number of splices: GT/AG |	6111
                       Number of splices: GC/AG |	56
                       Number of splices: AT/AC |	0
               Number of splices: Non-canonical |	29
                      Mismatch rate per base, % |	0.96%
                         Deletion rate per base |	0.03%
                        Deletion average length |	1.38
                        Insertion rate per base |	0.01%
                       Insertion average length |	1.04
                             MULTI-MAPPING READS:
        Number of reads mapped to multiple loci |	1119
             % of reads mapped to multiple loci |	6.67%
        Number of reads mapped to too many loci |	13
             % of reads mapped to too many loci |	0.08%
                                  UNMAPPED READS:
  Number of reads unmapped: too many mismatches |	0
       % of reads unmapped: too many mismatches |	0.00%
            Number of reads unmapped: too short |	38
                 % of reads unmapped: too short |	0.23%
                Number of reads unmapped: other |	3
                     % of reads unmapped: other |	0.02%
                                  CHIMERIC READS:
                       Number of chimeric reads |	0
                            % of chimeric reads |	0.00%
