                                 Started job on |	Oct 25 22:23:53
                             Started mapping on |	Oct 25 22:23:53
                                    Finished on |	Oct 25 22:23:55
       Mapping speed, Million of reads per hour |	39.38

                          Number of input reads |	21880
                      Average input read length |	72
                                    UNIQUE READS:
                   Uniquely mapped reads number |	20059
                        Uniquely mapped reads % |	91.68%
                          Average mapped length |	69.10
                       Number of splices: Total |	3343
            Number of splices: Annotated (sjdb) |	3038
                       Number of splices: GT/AG |	3264
                       Number of splices: GC/AG |	54
                       Number of splices: AT/AC |	0
               Number of splices: Non-canonical |	25
                      Mismatch rate per base, % |	1.03%
                         Deletion rate per base |	0.03%
                        Deletion average length |	1.63
                        Insertion rate per base |	0.00%
                       Insertion average length |	1.00
                             MULTI-MAPPING READS:
        Number of reads mapped to multiple loci |	1703
             % of reads mapped to multiple loci |	7.78%
        Number of reads mapped to too many loci |	40
             % of reads mapped to too many loci |	0.18%
                                  UNMAPPED READS:
  Number of reads unmapped: too many mismatches |	0
       % of reads unmapped: too many mismatches |	0.00%
            Number of reads unmapped: too short |	66
                 % of reads unmapped: too short |	0.30%
                Number of reads unmapped: other |	12
                     % of reads unmapped: other |	0.05%
                                  CHIMERIC READS:
                       Number of chimeric reads |	0
                            % of chimeric reads |	0.00%
