                                 Started job on |	Oct 25 22:22:27
                             Started mapping on |	Oct 25 22:22:27
                                    Finished on |	Oct 25 22:22:30
       Mapping speed, Million of reads per hour |	22.29

                          Number of input reads |	18577
                      Average input read length |	72
                                    UNIQUE READS:
                   Uniquely mapped reads number |	17248
                        Uniquely mapped reads % |	92.85%
                          Average mapped length |	69.04
                       Number of splices: Total |	6377
            Number of splices: Annotated (sjdb) |	6070
                       Number of splices: GT/AG |	6272
                       Number of splices: GC/AG |	65
                       Number of splices: AT/AC |	0
               Number of splices: Non-canonical |	40
                      Mismatch rate per base, % |	1.03%
                         Deletion rate per base |	0.04%
                        Deletion average length |	1.54
                        Insertion rate per base |	0.00%
                       Insertion average length |	1.07
                             MULTI-MAPPING READS:
        Number of reads mapped to multiple loci |	1232
             % of reads mapped to multiple loci |	6.63%
        Number of reads mapped to too many loci |	36
             % of reads mapped to too many loci |	0.19%
                                  UNMAPPED READS:
  Number of reads unmapped: too many mismatches |	0
       % of reads unmapped: too many mismatches |	0.00%
            Number of reads unmapped: too short |	52
                 % of reads unmapped: too short |	0.28%
                Number of reads unmapped: other |	9
                     % of reads unmapped: other |	0.05%
                                  CHIMERIC READS:
                       Number of chimeric reads |	0
                            % of chimeric reads |	0.00%
