                                 Started job on |	Oct 25 22:23:43
                             Started mapping on |	Oct 25 22:23:43
                                    Finished on |	Oct 25 22:23:46
       Mapping speed, Million of reads per hour |	32.13

                          Number of input reads |	26772
                      Average input read length |	72
                                    UNIQUE READS:
                   Uniquely mapped reads number |	25251
                        Uniquely mapped reads % |	94.32%
                          Average mapped length |	69.30
                       Number of splices: Total |	3508
            Number of splices: Annotated (sjdb) |	3154
                       Number of splices: GT/AG |	3411
                       Number of splices: GC/AG |	62
                       Number of splices: AT/AC |	0
               Number of splices: Non-canonical |	35
                      Mismatch rate per base, % |	0.94%
                         Deletion rate per base |	0.01%
                        Deletion average length |	1.33
                        Insertion rate per base |	0.00%
                       Insertion average length |	1.03
                             MULTI-MAPPING READS:
        Number of reads mapped to multiple loci |	1432
             % of reads mapped to multiple loci |	5.35%
        Number of reads mapped to too many loci |	19
             % of reads mapped to too many loci |	0.07%
                                  UNMAPPED READS:
  Number of reads unmapped: too many mismatches |	0
       % of reads unmapped: too many mismatches |	0.00%
            Number of reads unmapped: too short |	68
                 % of reads unmapped: too short |	0.25%
                Number of reads unmapped: other |	2
                     % of reads unmapped: other |	0.01%
                                  CHIMERIC READS:
                       Number of chimeric reads |	0
                            % of chimeric reads |	0.00%
