STAR version=2.7.11b
STAR compilation time,server,dir=2024-07-03T14:39:20+0000 :/opt/conda/conda-bld/star_1720017372352/work/source
##### Command Line:
/home/ec2-user/anaconda3/envs/python3/bin/STAR-avx2 --runThreadN 4 --genomeDir Tutorial_macs_1/ref_genome --readFilesIn Tutorial_macs_1/trimmed/subset_SRR7763563_R1_val_1.fq Tutorial_macs_1/trimmed/subset_SRR7763563_R2_val_2.fq --outFileNamePrefix Tutorial_macs_1/STAR/subset_SRR7763563 --outSAMtype BAM SortedByCoordinate --quantMode TranscriptomeSAM GeneCounts
##### Initial USER parameters from Command Line:
outFileNamePrefix                 Tutorial_macs_1/STAR/subset_SRR7763563
###### All USER parameters from Command Line:
runThreadN                    4     ~RE-DEFINED
genomeDir                     Tutorial_macs_1/ref_genome     ~RE-DEFINED
readFilesIn                   Tutorial_macs_1/trimmed/subset_SRR7763563_R1_val_1.fq   Tutorial_macs_1/trimmed/subset_SRR7763563_R2_val_2.fq        ~RE-DEFINED
outFileNamePrefix             Tutorial_macs_1/STAR/subset_SRR7763563     ~RE-DEFINED
outSAMtype                    BAM   SortedByCoordinate        ~RE-DEFINED
quantMode                     TranscriptomeSAM   GeneCounts        ~RE-DEFINED
##### Finished reading parameters from all sources

##### Final user re-defined parameters-----------------:
runThreadN                        4
genomeDir                         Tutorial_macs_1/ref_genome
readFilesIn                       Tutorial_macs_1/trimmed/subset_SRR7763563_R1_val_1.fq   Tutorial_macs_1/trimmed/subset_SRR7763563_R2_val_2.fq   
outFileNamePrefix                 Tutorial_macs_1/STAR/subset_SRR7763563
outSAMtype                        BAM   SortedByCoordinate   
quantMode                         TranscriptomeSAM   GeneCounts   

-------------------------------
##### Final effective command line:
/home/ec2-user/anaconda3/envs/python3/bin/STAR-avx2   --runThreadN 4   --genomeDir Tutorial_macs_1/ref_genome   --readFilesIn Tutorial_macs_1/trimmed/subset_SRR7763563_R1_val_1.fq   Tutorial_macs_1/trimmed/subset_SRR7763563_R2_val_2.fq      --outFileNamePrefix Tutorial_macs_1/STAR/subset_SRR7763563   --outSAMtype BAM   SortedByCoordinate      --quantMode TranscriptomeSAM   GeneCounts   
----------------------------------------

Number of fastq files for each mate = 1
ParametersSolo: --soloCellFilterType CellRanger2.2 filtering parameters:  3000 0.99 10
WARNING: --limitBAMsortRAM=0, will use genome size as RAM limit for BAM sorting
Finished loading and checking parameters
Reading genome generation parameters:
### /home/ec2-user/anaconda3/envs/python3/bin/STAR-avx2   --runMode genomeGenerate      --runThreadN 4   --genomeDir Tutorial_macs_1/ref_genome   --genomeFastaFiles Tutorial_macs_1/chr11_1.5M.fasta      --genomeSAindexNbases 9   --sjdbGTFfile Tutorial_macs_1/gencode.v46.pri.chr11.1.5M.gtf
### GstrandBit=32
versionGenome                 2.7.4a     ~RE-DEFINED
genomeType                    Full     ~RE-DEFINED
genomeFastaFiles              Tutorial_macs_1/chr11_1.5M.fasta        ~RE-DEFINED
genomeSAindexNbases           9     ~RE-DEFINED
genomeChrBinNbits             18     ~RE-DEFINED
genomeSAsparseD               1     ~RE-DEFINED
genomeTransformType           None     ~RE-DEFINED
genomeTransformVCF            -     ~RE-DEFINED
sjdbOverhang                  100     ~RE-DEFINED
sjdbFileChrStartEnd           -        ~RE-DEFINED
sjdbGTFfile                   Tutorial_macs_1/gencode.v46.pri.chr11.1.5M.gtf     ~RE-DEFINED
sjdbGTFchrPrefix              -     ~RE-DEFINED
sjdbGTFfeatureExon            exon     ~RE-DEFINED
sjdbGTFtagExonParentTranscripttranscript_id     ~RE-DEFINED
sjdbGTFtagExonParentGene      gene_id     ~RE-DEFINED
sjdbInsertSave                Basic     ~RE-DEFINED
genomeFileSizes               1789743   13660353        ~RE-DEFINED
Genome version is compatible with current STAR
Number of real (reference) chromosomes= 1
1	chr11	1500000	0
--sjdbOverhang = 100 taken from the generated genome
Started loading the genome: Fri Oct 25 22:22:45 2024

Genome: size given as a parameter = 1789743
SA: size given as a parameter = 13660353
SAindex: size given as a parameter = 1
Read from SAindex: pGe.gSAindexNbases=9  nSAi=349524
nGenome=1789743;  nSAbyte=13660353
GstrandBit=32   SA number of indices=3311600
Shared memory is not used for genomes. Allocated a private copy of the genome.
Genome file size: 1789743 bytes; state: good=1 eof=0 fail=0 bad=0
Loading Genome ... done! state: good=1 eof=0 fail=0 bad=0; loaded 1789743 bytes
SA file size: 13660353 bytes; state: good=1 eof=0 fail=0 bad=0
Loading SA ... done! state: good=1 eof=0 fail=0 bad=0; loaded 13660353 bytes
Loading SAindex ... done: 1529259 bytes
Finished loading the genome: Fri Oct 25 22:22:45 2024

Processing splice junctions database sjdbN=1079,   pGe.sjdbOverhang=100 
alignIntronMax=alignMatesGapMax=0, the max intron size will be approximately determined by (2^winBinNbits)*winAnchorDistNbins=589824
Loaded transcript database, nTr=681
Loaded exon database, nEx=4157
Created thread # 1
Created thread # 2
Created thread # 3
Thread #1 end of input stream, nextChar=-1
Completed: thread #2
Completed: thread #0
Completed: thread #3
BAM sorting: 47574 mapped reads
BAM sorting bins genomic start loci:
1	0	129553
2	0	148301
3	0	174270
4	0	207356
5	0	239024
6	0	288132
7	0	288522
8	0	290477
9	0	292924
10	0	294271
11	0	295472
12	0	309282
13	0	314992
14	0	319867
15	0	320746
16	0	381097
17	0	419947
18	0	461891
19	0	499091
20	0	530497
21	0	556214
22	0	563540
23	0	585630
24	0	603164
25	0	610713
26	0	627886
27	0	653438
28	0	700616
29	0	715979
30	0	721302
31	0	726154
32	0	767483
33	0	802547
34	0	810032
35	0	810335
36	0	811599
37	0	811625
38	0	812563
39	0	812614
40	0	812620
41	0	819843
42	0	825117
43	0	836826
44	0	840968
45	0	860822
46	0	887722
47	0	951730
48	0	976137
Completed: thread #1
Joined thread # 1
Joined thread # 2
Joined thread # 3
Oct 25 22:22:47 ..... finished mapping
RAM after mapping:
VmPeak:	 1132188 kB; VmSize:	 1066740 kB; VmHWM:	  526808 kB; VmRSS:	  520604 kB; 
RAM after freeing genome index memory:
VmPeak:	 1132188 kB; VmSize:	 1050148 kB; VmHWM:	  526808 kB; VmRSS:	  504012 kB; 
Oct 25 22:22:47 ..... started sorting BAM
Max memory needed for sorting = 269443
ALL DONE!
