                                 Started job on |	Oct 25 22:23:07
                             Started mapping on |	Oct 25 22:23:07
                                    Finished on |	Oct 25 22:23:11
       Mapping speed, Million of reads per hour |	27.37

                          Number of input reads |	30409
                      Average input read length |	72
                                    UNIQUE READS:
                   Uniquely mapped reads number |	28400
                        Uniquely mapped reads % |	93.39%
                          Average mapped length |	69.12
                       Number of splices: Total |	3504
            Number of splices: Annotated (sjdb) |	3117
                       Number of splices: GT/AG |	3405
                       Number of splices: GC/AG |	63
                       Number of splices: AT/AC |	1
               Number of splices: Non-canonical |	35
                      Mismatch rate per base, % |	1.06%
                         Deletion rate per base |	0.06%
                        Deletion average length |	1.87
                        Insertion rate per base |	0.00%
                       Insertion average length |	1.05
                             MULTI-MAPPING READS:
        Number of reads mapped to multiple loci |	1910
             % of reads mapped to multiple loci |	6.28%
        Number of reads mapped to too many loci |	20
             % of reads mapped to too many loci |	0.07%
                                  UNMAPPED READS:
  Number of reads unmapped: too many mismatches |	0
       % of reads unmapped: too many mismatches |	0.00%
            Number of reads unmapped: too short |	72
                 % of reads unmapped: too short |	0.24%
                Number of reads unmapped: other |	7
                     % of reads unmapped: other |	0.02%
                                  CHIMERIC READS:
                       Number of chimeric reads |	0
                            % of chimeric reads |	0.00%
