                                 Started job on |	Oct 25 22:22:56
                             Started mapping on |	Oct 25 22:22:56
                                    Finished on |	Oct 25 22:22:59
       Mapping speed, Million of reads per hour |	27.55

                          Number of input reads |	22959
                      Average input read length |	72
                                    UNIQUE READS:
                   Uniquely mapped reads number |	21527
                        Uniquely mapped reads % |	93.76%
                          Average mapped length |	69.12
                       Number of splices: Total |	8631
            Number of splices: Annotated (sjdb) |	8311
                       Number of splices: GT/AG |	8511
                       Number of splices: GC/AG |	56
                       Number of splices: AT/AC |	0
               Number of splices: Non-canonical |	64
                      Mismatch rate per base, % |	0.96%
                         Deletion rate per base |	0.03%
                        Deletion average length |	1.64
                        Insertion rate per base |	0.01%
                       Insertion average length |	1.01
                             MULTI-MAPPING READS:
        Number of reads mapped to multiple loci |	1372
             % of reads mapped to multiple loci |	5.98%
        Number of reads mapped to too many loci |	24
             % of reads mapped to too many loci |	0.10%
                                  UNMAPPED READS:
  Number of reads unmapped: too many mismatches |	0
       % of reads unmapped: too many mismatches |	0.00%
            Number of reads unmapped: too short |	28
                 % of reads unmapped: too short |	0.12%
                Number of reads unmapped: other |	8
                     % of reads unmapped: other |	0.03%
                                  CHIMERIC READS:
                       Number of chimeric reads |	0
                            % of chimeric reads |	0.00%
