STAR version=2.7.11b
STAR compilation time,server,dir=2024-07-03T14:39:20+0000 :/opt/conda/conda-bld/star_1720017372352/work/source
##### Command Line:
/home/ec2-user/anaconda3/envs/python3/bin/STAR-avx2 --runThreadN 4 --genomeDir Tutorial_macs_1/ref_genome --readFilesIn Tutorial_macs_1/trimmed/subset_SRR7763572_R1_val_1.fq Tutorial_macs_1/trimmed/subset_SRR7763572_R2_val_2.fq --outFileNamePrefix Tutorial_macs_1/STAR/subset_SRR7763572 --outSAMtype BAM SortedByCoordinate --quantMode TranscriptomeSAM GeneCounts
##### Initial USER parameters from Command Line:
outFileNamePrefix                 Tutorial_macs_1/STAR/subset_SRR7763572
###### All USER parameters from Command Line:
runThreadN                    4     ~RE-DEFINED
genomeDir                     Tutorial_macs_1/ref_genome     ~RE-DEFINED
readFilesIn                   Tutorial_macs_1/trimmed/subset_SRR7763572_R1_val_1.fq   Tutorial_macs_1/trimmed/subset_SRR7763572_R2_val_2.fq        ~RE-DEFINED
outFileNamePrefix             Tutorial_macs_1/STAR/subset_SRR7763572     ~RE-DEFINED
outSAMtype                    BAM   SortedByCoordinate        ~RE-DEFINED
quantMode                     TranscriptomeSAM   GeneCounts        ~RE-DEFINED
##### Finished reading parameters from all sources

##### Final user re-defined parameters-----------------:
runThreadN                        4
genomeDir                         Tutorial_macs_1/ref_genome
readFilesIn                       Tutorial_macs_1/trimmed/subset_SRR7763572_R1_val_1.fq   Tutorial_macs_1/trimmed/subset_SRR7763572_R2_val_2.fq   
outFileNamePrefix                 Tutorial_macs_1/STAR/subset_SRR7763572
outSAMtype                        BAM   SortedByCoordinate   
quantMode                         TranscriptomeSAM   GeneCounts   

-------------------------------
##### Final effective command line:
/home/ec2-user/anaconda3/envs/python3/bin/STAR-avx2   --runThreadN 4   --genomeDir Tutorial_macs_1/ref_genome   --readFilesIn Tutorial_macs_1/trimmed/subset_SRR7763572_R1_val_1.fq   Tutorial_macs_1/trimmed/subset_SRR7763572_R2_val_2.fq      --outFileNamePrefix Tutorial_macs_1/STAR/subset_SRR7763572   --outSAMtype BAM   SortedByCoordinate      --quantMode TranscriptomeSAM   GeneCounts   
----------------------------------------

Number of fastq files for each mate = 1
ParametersSolo: --soloCellFilterType CellRanger2.2 filtering parameters:  3000 0.99 10
WARNING: --limitBAMsortRAM=0, will use genome size as RAM limit for BAM sorting
Finished loading and checking parameters
Reading genome generation parameters:
### /home/ec2-user/anaconda3/envs/python3/bin/STAR-avx2   --runMode genomeGenerate      --runThreadN 4   --genomeDir Tutorial_macs_1/ref_genome   --genomeFastaFiles Tutorial_macs_1/chr11_1.5M.fasta      --genomeSAindexNbases 9   --sjdbGTFfile Tutorial_macs_1/gencode.v46.pri.chr11.1.5M.gtf
### GstrandBit=32
versionGenome                 2.7.4a     ~RE-DEFINED
genomeType                    Full     ~RE-DEFINED
genomeFastaFiles              Tutorial_macs_1/chr11_1.5M.fasta        ~RE-DEFINED
genomeSAindexNbases           9     ~RE-DEFINED
genomeChrBinNbits             18     ~RE-DEFINED
genomeSAsparseD               1     ~RE-DEFINED
genomeTransformType           None     ~RE-DEFINED
genomeTransformVCF            -     ~RE-DEFINED
sjdbOverhang                  100     ~RE-DEFINED
sjdbFileChrStartEnd           -        ~RE-DEFINED
sjdbGTFfile                   Tutorial_macs_1/gencode.v46.pri.chr11.1.5M.gtf     ~RE-DEFINED
sjdbGTFchrPrefix              -     ~RE-DEFINED
sjdbGTFfeatureExon            exon     ~RE-DEFINED
sjdbGTFtagExonParentTranscripttranscript_id     ~RE-DEFINED
sjdbGTFtagExonParentGene      gene_id     ~RE-DEFINED
sjdbInsertSave                Basic     ~RE-DEFINED
genomeFileSizes               1789743   13660353        ~RE-DEFINED
Genome version is compatible with current STAR
Number of real (reference) chromosomes= 1
1	chr11	1500000	0
--sjdbOverhang = 100 taken from the generated genome
Started loading the genome: Fri Oct 25 22:23:11 2024

Genome: size given as a parameter = 1789743
SA: size given as a parameter = 13660353
SAindex: size given as a parameter = 1
Read from SAindex: pGe.gSAindexNbases=9  nSAi=349524
nGenome=1789743;  nSAbyte=13660353
GstrandBit=32   SA number of indices=3311600
Shared memory is not used for genomes. Allocated a private copy of the genome.
Genome file size: 1789743 bytes; state: good=1 eof=0 fail=0 bad=0
Loading Genome ... done! state: good=1 eof=0 fail=0 bad=0; loaded 1789743 bytes
SA file size: 13660353 bytes; state: good=1 eof=0 fail=0 bad=0
Loading SA ... done! state: good=1 eof=0 fail=0 bad=0; loaded 13660353 bytes
Loading SAindex ... done: 1529259 bytes
Finished loading the genome: Fri Oct 25 22:23:11 2024

Processing splice junctions database sjdbN=1079,   pGe.sjdbOverhang=100 
alignIntronMax=alignMatesGapMax=0, the max intron size will be approximately determined by (2^winBinNbits)*winAnchorDistNbins=589824
Loaded transcript database, nTr=681
Loaded exon database, nEx=4157
Created thread # 1
Created thread # 2
Created thread # 3
Thread #1 end of input stream, nextChar=-1
Completed: thread #2
Completed: thread #0
Completed: thread #3
BAM sorting: 121438 mapped reads
BAM sorting bins genomic start loci:
1	0	130731
2	0	204580
3	0	208097
4	0	209938
5	0	216651
6	0	287850
7	0	288214
8	0	288315
9	0	289521
10	0	291234
11	0	291518
12	0	294848
13	0	295199
14	0	295382
15	0	307839
16	0	314036
17	0	314131
18	0	314221
19	0	319685
20	0	320594
21	0	320816
22	0	369647
23	0	394265
24	0	418238
25	0	451519
26	0	460200
27	0	506716
28	0	545402
29	0	562320
30	0	567205
31	0	576536
32	0	607276
33	0	608205
34	0	608631
35	0	609319
36	0	627777
37	0	644452
38	0	703107
39	0	727631
40	0	771266
41	0	809168
42	0	810352
43	0	812611
44	0	820529
45	0	836080
46	0	842496
47	0	910318
48	0	961395
Completed: thread #1
Joined thread # 1
Joined thread # 2
Joined thread # 3
Oct 25 22:23:16 ..... finished mapping
RAM after mapping:
VmPeak:	 1132188 kB; VmSize:	 1066740 kB; VmHWM:	  583520 kB; VmRSS:	  567028 kB; 
RAM after freeing genome index memory:
VmPeak:	 1132188 kB; VmSize:	 1050148 kB; VmHWM:	  583520 kB; VmRSS:	  550436 kB; 
Oct 25 22:23:16 ..... started sorting BAM
Max memory needed for sorting = 467532
ALL DONE!
