                                 Started job on |	Oct 25 22:58:27
                             Started mapping on |	Oct 25 22:58:27
                                    Finished on |	Oct 25 22:58:31
       Mapping speed, Million of reads per hour |	33.66

                          Number of input reads |	37400
                      Average input read length |	72
                                    UNIQUE READS:
                   Uniquely mapped reads number |	34807
                        Uniquely mapped reads % |	93.07%
                          Average mapped length |	69.17
                       Number of splices: Total |	3977
            Number of splices: Annotated (sjdb) |	3526
                       Number of splices: GT/AG |	3877
                       Number of splices: GC/AG |	53
                       Number of splices: AT/AC |	0
               Number of splices: Non-canonical |	47
                      Mismatch rate per base, % |	1.06%
                         Deletion rate per base |	0.03%
                        Deletion average length |	1.48
                        Insertion rate per base |	0.00%
                       Insertion average length |	1.03
                             MULTI-MAPPING READS:
        Number of reads mapped to multiple loci |	2436
             % of reads mapped to multiple loci |	6.51%
        Number of reads mapped to too many loci |	33
             % of reads mapped to too many loci |	0.09%
                                  UNMAPPED READS:
  Number of reads unmapped: too many mismatches |	0
       % of reads unmapped: too many mismatches |	0.00%
            Number of reads unmapped: too short |	115
                 % of reads unmapped: too short |	0.31%
                Number of reads unmapped: other |	9
                     % of reads unmapped: other |	0.02%
                                  CHIMERIC READS:
                       Number of chimeric reads |	0
                            % of chimeric reads |	0.00%
