                                 Started job on |	Oct 25 22:57:40
                             Started mapping on |	Oct 25 22:57:40
                                    Finished on |	Oct 25 22:57:43
       Mapping speed, Million of reads per hour |	25.66

                          Number of input reads |	21387
                      Average input read length |	72
                                    UNIQUE READS:
                   Uniquely mapped reads number |	20061
                        Uniquely mapped reads % |	93.80%
                          Average mapped length |	69.17
                       Number of splices: Total |	6594
            Number of splices: Annotated (sjdb) |	6255
                       Number of splices: GT/AG |	6482
                       Number of splices: GC/AG |	65
                       Number of splices: AT/AC |	0
               Number of splices: Non-canonical |	47
                      Mismatch rate per base, % |	0.99%
                         Deletion rate per base |	0.03%
                        Deletion average length |	1.52
                        Insertion rate per base |	0.00%
                       Insertion average length |	1.03
                             MULTI-MAPPING READS:
        Number of reads mapped to multiple loci |	1253
             % of reads mapped to multiple loci |	5.86%
        Number of reads mapped to too many loci |	24
             % of reads mapped to too many loci |	0.11%
                                  UNMAPPED READS:
  Number of reads unmapped: too many mismatches |	0
       % of reads unmapped: too many mismatches |	0.00%
            Number of reads unmapped: too short |	46
                 % of reads unmapped: too short |	0.22%
                Number of reads unmapped: other |	3
                     % of reads unmapped: other |	0.01%
                                  CHIMERIC READS:
                       Number of chimeric reads |	0
                            % of chimeric reads |	0.00%
