                                 Started job on |	Oct 25 22:58:35
                             Started mapping on |	Oct 25 22:58:35
                                    Finished on |	Oct 25 22:58:39
       Mapping speed, Million of reads per hour |	32.06

                          Number of input reads |	35617
                      Average input read length |	72
                                    UNIQUE READS:
                   Uniquely mapped reads number |	33144
                        Uniquely mapped reads % |	93.06%
                          Average mapped length |	69.24
                       Number of splices: Total |	4591
            Number of splices: Annotated (sjdb) |	4099
                       Number of splices: GT/AG |	4477
                       Number of splices: GC/AG |	71
                       Number of splices: AT/AC |	0
               Number of splices: Non-canonical |	43
                      Mismatch rate per base, % |	0.96%
                         Deletion rate per base |	0.02%
                        Deletion average length |	1.68
                        Insertion rate per base |	0.00%
                       Insertion average length |	1.05
                             MULTI-MAPPING READS:
        Number of reads mapped to multiple loci |	2369
             % of reads mapped to multiple loci |	6.65%
        Number of reads mapped to too many loci |	22
             % of reads mapped to too many loci |	0.06%
                                  UNMAPPED READS:
  Number of reads unmapped: too many mismatches |	0
       % of reads unmapped: too many mismatches |	0.00%
            Number of reads unmapped: too short |	74
                 % of reads unmapped: too short |	0.21%
                Number of reads unmapped: other |	8
                     % of reads unmapped: other |	0.02%
                                  CHIMERIC READS:
                       Number of chimeric reads |	0
                            % of chimeric reads |	0.00%
