                                 Started job on |	Oct 25 22:57:24
                             Started mapping on |	Oct 25 22:57:24
                                    Finished on |	Oct 25 22:57:28
       Mapping speed, Million of reads per hour |	27.53

                          Number of input reads |	30585
                      Average input read length |	72
                                    UNIQUE READS:
                   Uniquely mapped reads number |	28705
                        Uniquely mapped reads % |	93.85%
                          Average mapped length |	69.14
                       Number of splices: Total |	10127
            Number of splices: Annotated (sjdb) |	9683
                       Number of splices: GT/AG |	9990
                       Number of splices: GC/AG |	79
                       Number of splices: AT/AC |	0
               Number of splices: Non-canonical |	58
                      Mismatch rate per base, % |	0.98%
                         Deletion rate per base |	0.04%
                        Deletion average length |	1.57
                        Insertion rate per base |	0.00%
                       Insertion average length |	1.04
                             MULTI-MAPPING READS:
        Number of reads mapped to multiple loci |	1774
             % of reads mapped to multiple loci |	5.80%
        Number of reads mapped to too many loci |	37
             % of reads mapped to too many loci |	0.12%
                                  UNMAPPED READS:
  Number of reads unmapped: too many mismatches |	0
       % of reads unmapped: too many mismatches |	0.00%
            Number of reads unmapped: too short |	64
                 % of reads unmapped: too short |	0.21%
                Number of reads unmapped: other |	5
                     % of reads unmapped: other |	0.02%
                                  CHIMERIC READS:
                       Number of chimeric reads |	0
                            % of chimeric reads |	0.00%
