                                 Started job on |	Oct 25 22:57:54
                             Started mapping on |	Oct 25 22:57:54
                                    Finished on |	Oct 25 22:57:57
       Mapping speed, Million of reads per hour |	26.65

                          Number of input reads |	22208
                      Average input read length |	72
                                    UNIQUE READS:
                   Uniquely mapped reads number |	20763
                        Uniquely mapped reads % |	93.49%
                          Average mapped length |	69.14
                       Number of splices: Total |	7496
            Number of splices: Annotated (sjdb) |	7179
                       Number of splices: GT/AG |	7395
                       Number of splices: GC/AG |	67
                       Number of splices: AT/AC |	0
               Number of splices: Non-canonical |	34
                      Mismatch rate per base, % |	0.96%
                         Deletion rate per base |	0.01%
                        Deletion average length |	1.44
                        Insertion rate per base |	0.01%
                       Insertion average length |	1.00
                             MULTI-MAPPING READS:
        Number of reads mapped to multiple loci |	1369
             % of reads mapped to multiple loci |	6.16%
        Number of reads mapped to too many loci |	15
             % of reads mapped to too many loci |	0.07%
                                  UNMAPPED READS:
  Number of reads unmapped: too many mismatches |	0
       % of reads unmapped: too many mismatches |	0.00%
            Number of reads unmapped: too short |	56
                 % of reads unmapped: too short |	0.25%
                Number of reads unmapped: other |	5
                     % of reads unmapped: other |	0.02%
                                  CHIMERIC READS:
                       Number of chimeric reads |	0
                            % of chimeric reads |	0.00%
