                                 Started job on |	Oct 25 22:58:42
                             Started mapping on |	Oct 25 22:58:42
                                    Finished on |	Oct 25 22:58:45
       Mapping speed, Million of reads per hour |	33.95

                          Number of input reads |	28289
                      Average input read length |	72
                                    UNIQUE READS:
                   Uniquely mapped reads number |	26740
                        Uniquely mapped reads % |	94.52%
                          Average mapped length |	69.32
                       Number of splices: Total |	3891
            Number of splices: Annotated (sjdb) |	3518
                       Number of splices: GT/AG |	3805
                       Number of splices: GC/AG |	49
                       Number of splices: AT/AC |	0
               Number of splices: Non-canonical |	37
                      Mismatch rate per base, % |	0.97%
                         Deletion rate per base |	0.03%
                        Deletion average length |	1.53
                        Insertion rate per base |	0.00%
                       Insertion average length |	1.05
                             MULTI-MAPPING READS:
        Number of reads mapped to multiple loci |	1456
             % of reads mapped to multiple loci |	5.15%
        Number of reads mapped to too many loci |	20
             % of reads mapped to too many loci |	0.07%
                                  UNMAPPED READS:
  Number of reads unmapped: too many mismatches |	0
       % of reads unmapped: too many mismatches |	0.00%
            Number of reads unmapped: too short |	64
                 % of reads unmapped: too short |	0.23%
                Number of reads unmapped: other |	9
                     % of reads unmapped: other |	0.03%
                                  CHIMERIC READS:
                       Number of chimeric reads |	0
                            % of chimeric reads |	0.00%
