                                 Started job on |	Oct 25 22:57:45
                             Started mapping on |	Oct 25 22:57:45
                                    Finished on |	Oct 25 22:57:49
       Mapping speed, Million of reads per hour |	26.24

                          Number of input reads |	29155
                      Average input read length |	72
                                    UNIQUE READS:
                   Uniquely mapped reads number |	27273
                        Uniquely mapped reads % |	93.54%
                          Average mapped length |	69.27
                       Number of splices: Total |	8482
            Number of splices: Annotated (sjdb) |	8076
                       Number of splices: GT/AG |	8383
                       Number of splices: GC/AG |	59
                       Number of splices: AT/AC |	0
               Number of splices: Non-canonical |	40
                      Mismatch rate per base, % |	0.92%
                         Deletion rate per base |	0.01%
                        Deletion average length |	1.45
                        Insertion rate per base |	0.01%
                       Insertion average length |	1.07
                             MULTI-MAPPING READS:
        Number of reads mapped to multiple loci |	1804
             % of reads mapped to multiple loci |	6.19%
        Number of reads mapped to too many loci |	28
             % of reads mapped to too many loci |	0.10%
                                  UNMAPPED READS:
  Number of reads unmapped: too many mismatches |	0
       % of reads unmapped: too many mismatches |	0.00%
            Number of reads unmapped: too short |	47
                 % of reads unmapped: too short |	0.16%
                Number of reads unmapped: other |	3
                     % of reads unmapped: other |	0.01%
                                  CHIMERIC READS:
                       Number of chimeric reads |	0
                            % of chimeric reads |	0.00%
