                                 Started job on |	Oct 25 22:57:38
                             Started mapping on |	Oct 25 22:57:38
                                    Finished on |	Oct 25 22:57:40
       Mapping speed, Million of reads per hour |	30.95

                          Number of input reads |	17194
                      Average input read length |	72
                                    UNIQUE READS:
                   Uniquely mapped reads number |	15942
                        Uniquely mapped reads % |	92.72%
                          Average mapped length |	69.26
                       Number of splices: Total |	3177
            Number of splices: Annotated (sjdb) |	2917
                       Number of splices: GT/AG |	3110
                       Number of splices: GC/AG |	35
                       Number of splices: AT/AC |	0
               Number of splices: Non-canonical |	32
                      Mismatch rate per base, % |	0.97%
                         Deletion rate per base |	0.01%
                        Deletion average length |	1.35
                        Insertion rate per base |	0.00%
                       Insertion average length |	1.08
                             MULTI-MAPPING READS:
        Number of reads mapped to multiple loci |	1174
             % of reads mapped to multiple loci |	6.83%
        Number of reads mapped to too many loci |	30
             % of reads mapped to too many loci |	0.17%
                                  UNMAPPED READS:
  Number of reads unmapped: too many mismatches |	0
       % of reads unmapped: too many mismatches |	0.00%
            Number of reads unmapped: too short |	35
                 % of reads unmapped: too short |	0.20%
                Number of reads unmapped: other |	13
                     % of reads unmapped: other |	0.08%
                                  CHIMERIC READS:
                       Number of chimeric reads |	0
                            % of chimeric reads |	0.00%
