                                 Started job on |	Oct 25 22:58:05
                             Started mapping on |	Oct 25 22:58:05
                                    Finished on |	Oct 25 22:58:11
       Mapping speed, Million of reads per hour |	32.77

                          Number of input reads |	54617
                      Average input read length |	72
                                    UNIQUE READS:
                   Uniquely mapped reads number |	51320
                        Uniquely mapped reads % |	93.96%
                          Average mapped length |	69.22
                       Number of splices: Total |	6606
            Number of splices: Annotated (sjdb) |	5828
                       Number of splices: GT/AG |	6445
                       Number of splices: GC/AG |	83
                       Number of splices: AT/AC |	0
               Number of splices: Non-canonical |	78
                      Mismatch rate per base, % |	1.02%
                         Deletion rate per base |	0.03%
                        Deletion average length |	1.53
                        Insertion rate per base |	0.00%
                       Insertion average length |	1.00
                             MULTI-MAPPING READS:
        Number of reads mapped to multiple loci |	3100
             % of reads mapped to multiple loci |	5.68%
        Number of reads mapped to too many loci |	60
             % of reads mapped to too many loci |	0.11%
                                  UNMAPPED READS:
  Number of reads unmapped: too many mismatches |	0
       % of reads unmapped: too many mismatches |	0.00%
            Number of reads unmapped: too short |	124
                 % of reads unmapped: too short |	0.23%
                Number of reads unmapped: other |	13
                     % of reads unmapped: other |	0.02%
                                  CHIMERIC READS:
                       Number of chimeric reads |	0
                            % of chimeric reads |	0.00%
