                                 Started job on |	Oct 25 22:58:11
                             Started mapping on |	Oct 25 22:58:11
                                    Finished on |	Oct 25 22:58:19
       Mapping speed, Million of reads per hour |	35.40

                          Number of input reads |	78660
                      Average input read length |	72
                                    UNIQUE READS:
                   Uniquely mapped reads number |	73210
                        Uniquely mapped reads % |	93.07%
                          Average mapped length |	69.31
                       Number of splices: Total |	6918
            Number of splices: Annotated (sjdb) |	5806
                       Number of splices: GT/AG |	6716
                       Number of splices: GC/AG |	82
                       Number of splices: AT/AC |	1
               Number of splices: Non-canonical |	119
                      Mismatch rate per base, % |	1.07%
                         Deletion rate per base |	0.02%
                        Deletion average length |	1.44
                        Insertion rate per base |	0.00%
                       Insertion average length |	1.01
                             MULTI-MAPPING READS:
        Number of reads mapped to multiple loci |	5157
             % of reads mapped to multiple loci |	6.56%
        Number of reads mapped to too many loci |	46
             % of reads mapped to too many loci |	0.06%
                                  UNMAPPED READS:
  Number of reads unmapped: too many mismatches |	0
       % of reads unmapped: too many mismatches |	0.00%
            Number of reads unmapped: too short |	228
                 % of reads unmapped: too short |	0.29%
                Number of reads unmapped: other |	19
                     % of reads unmapped: other |	0.02%
                                  CHIMERIC READS:
                       Number of chimeric reads |	0
                            % of chimeric reads |	0.00%
