                                 Started job on |	Oct 25 22:57:43
                             Started mapping on |	Oct 25 22:57:43
                                    Finished on |	Oct 25 22:57:45
       Mapping speed, Million of reads per hour |	36.23

                          Number of input reads |	20130
                      Average input read length |	72
                                    UNIQUE READS:
                   Uniquely mapped reads number |	18480
                        Uniquely mapped reads % |	91.80%
                          Average mapped length |	69.23
                       Number of splices: Total |	5732
            Number of splices: Annotated (sjdb) |	5423
                       Number of splices: GT/AG |	5645
                       Number of splices: GC/AG |	62
                       Number of splices: AT/AC |	0
               Number of splices: Non-canonical |	25
                      Mismatch rate per base, % |	0.96%
                         Deletion rate per base |	0.01%
                        Deletion average length |	1.18
                        Insertion rate per base |	0.01%
                       Insertion average length |	1.08
                             MULTI-MAPPING READS:
        Number of reads mapped to multiple loci |	1563
             % of reads mapped to multiple loci |	7.76%
        Number of reads mapped to too many loci |	23
             % of reads mapped to too many loci |	0.11%
                                  UNMAPPED READS:
  Number of reads unmapped: too many mismatches |	0
       % of reads unmapped: too many mismatches |	0.00%
            Number of reads unmapped: too short |	55
                 % of reads unmapped: too short |	0.27%
                Number of reads unmapped: other |	9
                     % of reads unmapped: other |	0.04%
                                  CHIMERIC READS:
                       Number of chimeric reads |	0
                            % of chimeric reads |	0.00%
