                                 Started job on |	Oct 25 22:58:23
                             Started mapping on |	Oct 25 22:58:23
                                    Finished on |	Oct 25 22:58:27
       Mapping speed, Million of reads per hour |	26.06

                          Number of input reads |	28954
                      Average input read length |	72
                                    UNIQUE READS:
                   Uniquely mapped reads number |	26126
                        Uniquely mapped reads % |	90.23%
                          Average mapped length |	69.16
                       Number of splices: Total |	2973
            Number of splices: Annotated (sjdb) |	2556
                       Number of splices: GT/AG |	2890
                       Number of splices: GC/AG |	51
                       Number of splices: AT/AC |	0
               Number of splices: Non-canonical |	32
                      Mismatch rate per base, % |	1.01%
                         Deletion rate per base |	0.01%
                        Deletion average length |	1.47
                        Insertion rate per base |	0.00%
                       Insertion average length |	1.00
                             MULTI-MAPPING READS:
        Number of reads mapped to multiple loci |	2649
             % of reads mapped to multiple loci |	9.15%
        Number of reads mapped to too many loci |	54
             % of reads mapped to too many loci |	0.19%
                                  UNMAPPED READS:
  Number of reads unmapped: too many mismatches |	0
       % of reads unmapped: too many mismatches |	0.00%
            Number of reads unmapped: too short |	103
                 % of reads unmapped: too short |	0.36%
                Number of reads unmapped: other |	22
                     % of reads unmapped: other |	0.08%
                                  CHIMERIC READS:
                       Number of chimeric reads |	0
                            % of chimeric reads |	0.00%
