                                 Started job on |	Oct 25 22:58:19
                             Started mapping on |	Oct 25 22:58:19
                                    Finished on |	Oct 25 22:58:23
       Mapping speed, Million of reads per hour |	31.70

                          Number of input reads |	35218
                      Average input read length |	72
                                    UNIQUE READS:
                   Uniquely mapped reads number |	33112
                        Uniquely mapped reads % |	94.02%
                          Average mapped length |	69.15
                       Number of splices: Total |	7882
            Number of splices: Annotated (sjdb) |	7383
                       Number of splices: GT/AG |	7775
                       Number of splices: GC/AG |	52
                       Number of splices: AT/AC |	0
               Number of splices: Non-canonical |	55
                      Mismatch rate per base, % |	0.98%
                         Deletion rate per base |	0.02%
                        Deletion average length |	1.53
                        Insertion rate per base |	0.00%
                       Insertion average length |	1.06
                             MULTI-MAPPING READS:
        Number of reads mapped to multiple loci |	2010
             % of reads mapped to multiple loci |	5.71%
        Number of reads mapped to too many loci |	29
             % of reads mapped to too many loci |	0.08%
                                  UNMAPPED READS:
  Number of reads unmapped: too many mismatches |	0
       % of reads unmapped: too many mismatches |	0.00%
            Number of reads unmapped: too short |	66
                 % of reads unmapped: too short |	0.19%
                Number of reads unmapped: other |	1
                     % of reads unmapped: other |	0.00%
                                  CHIMERIC READS:
                       Number of chimeric reads |	0
                            % of chimeric reads |	0.00%
