                                 Started job on |	Oct 25 22:57:28
                             Started mapping on |	Oct 25 22:57:28
                                    Finished on |	Oct 25 22:57:34
       Mapping speed, Million of reads per hour |	27.76

                          Number of input reads |	46266
                      Average input read length |	72
                                    UNIQUE READS:
                   Uniquely mapped reads number |	43710
                        Uniquely mapped reads % |	94.48%
                          Average mapped length |	69.26
                       Number of splices: Total |	11720
            Number of splices: Annotated (sjdb) |	11059
                       Number of splices: GT/AG |	11524
                       Number of splices: GC/AG |	94
                       Number of splices: AT/AC |	0
               Number of splices: Non-canonical |	102
                      Mismatch rate per base, % |	1.00%
                         Deletion rate per base |	0.02%
                        Deletion average length |	1.50
                        Insertion rate per base |	0.01%
                       Insertion average length |	1.09
                             MULTI-MAPPING READS:
        Number of reads mapped to multiple loci |	2410
             % of reads mapped to multiple loci |	5.21%
        Number of reads mapped to too many loci |	53
             % of reads mapped to too many loci |	0.11%
                                  UNMAPPED READS:
  Number of reads unmapped: too many mismatches |	0
       % of reads unmapped: too many mismatches |	0.00%
            Number of reads unmapped: too short |	78
                 % of reads unmapped: too short |	0.17%
                Number of reads unmapped: other |	15
                     % of reads unmapped: other |	0.03%
                                  CHIMERIC READS:
                       Number of chimeric reads |	0
                            % of chimeric reads |	0.00%
