                                 Started job on |	Oct 25 22:58:31
                             Started mapping on |	Oct 25 22:58:31
                                    Finished on |	Oct 25 22:58:35
       Mapping speed, Million of reads per hour |	26.64

                          Number of input reads |	29603
                      Average input read length |	72
                                    UNIQUE READS:
                   Uniquely mapped reads number |	26428
                        Uniquely mapped reads % |	89.27%
                          Average mapped length |	69.02
                       Number of splices: Total |	3215
            Number of splices: Annotated (sjdb) |	2774
                       Number of splices: GT/AG |	3106
                       Number of splices: GC/AG |	64
                       Number of splices: AT/AC |	0
               Number of splices: Non-canonical |	45
                      Mismatch rate per base, % |	0.98%
                         Deletion rate per base |	0.01%
                        Deletion average length |	1.79
                        Insertion rate per base |	0.00%
                       Insertion average length |	1.07
                             MULTI-MAPPING READS:
        Number of reads mapped to multiple loci |	2967
             % of reads mapped to multiple loci |	10.02%
        Number of reads mapped to too many loci |	57
             % of reads mapped to too many loci |	0.19%
                                  UNMAPPED READS:
  Number of reads unmapped: too many mismatches |	0
       % of reads unmapped: too many mismatches |	0.00%
            Number of reads unmapped: too short |	133
                 % of reads unmapped: too short |	0.45%
                Number of reads unmapped: other |	18
                     % of reads unmapped: other |	0.06%
                                  CHIMERIC READS:
                       Number of chimeric reads |	0
                            % of chimeric reads |	0.00%
